2024-10-02 06:57:49 DEBUG TestNG:82 - suiteXmlPath: "C:\Users\HP\eclipse-workspace\opencartV121\master.xml"
2024-10-02 06:58:03 INFO  TC001_AccountRegistrationTest:23 - **********Starting TC001_AccountRegistrationTest**********
2024-10-02 06:58:04 INFO  TC001_AccountRegistrationTest:28 - Clicked on myAccount link
2024-10-02 06:58:05 INFO  TC001_AccountRegistrationTest:30 - Clicked on Register link
2024-10-02 06:58:05 INFO  TC001_AccountRegistrationTest:34 - Providing Customer Details
2024-10-02 06:58:07 INFO  TC001_AccountRegistrationTest:45 - validating expected message
2024-10-02 06:58:07 INFO  TC001_AccountRegistrationTest:65 - **********Finished TC001_AccountRegistrationTest**********
2024-10-02 06:58:13 INFO  TC002_LoginTest:16 - *********Starting TC002_LoginTest************
2024-10-02 06:58:13 INFO  TC002_LoginTest:19 - click on MyAccount
2024-10-02 06:58:13 INFO  TC002_LoginTest:21 - click on Login
2024-10-02 06:58:13 INFO  TC002_LoginTest:25 - enter email
2024-10-02 06:58:14 INFO  TC002_LoginTest:27 - enter password
2024-10-02 06:58:14 INFO  TC002_LoginTest:29 - clicked on login
2024-10-02 06:58:15 INFO  TC002_LoginTest:39 - *********Finished TC002_LoginTest************
2024-10-02 07:18:31 DEBUG TestNG:82 - suiteXmlPath: "C:\Users\HP\eclipse-workspace\opencartV121\master.xml"
2024-10-02 07:18:39 INFO  TC001_AccountRegistrationTest:23 - **********Starting TC001_AccountRegistrationTest**********
2024-10-02 07:18:39 INFO  TC001_AccountRegistrationTest:28 - Clicked on myAccount link
2024-10-02 07:18:41 INFO  TC001_AccountRegistrationTest:30 - Clicked on Register link
2024-10-02 07:18:41 INFO  TC001_AccountRegistrationTest:34 - Providing Customer Details
2024-10-02 07:18:42 INFO  TC001_AccountRegistrationTest:45 - validating expected message
2024-10-02 07:18:42 INFO  TC001_AccountRegistrationTest:65 - **********Finished TC001_AccountRegistrationTest**********
2024-10-02 07:18:48 INFO  TC002_LoginTest:16 - *********Starting TC002_LoginTest************
2024-10-02 07:18:48 INFO  TC002_LoginTest:19 - click on MyAccount
2024-10-02 07:18:49 INFO  TC002_LoginTest:21 - click on Login
2024-10-02 07:18:49 INFO  TC002_LoginTest:25 - enter email
2024-10-02 07:18:49 INFO  TC002_LoginTest:27 - enter password
2024-10-02 07:18:49 INFO  TC002_LoginTest:29 - clicked on login
2024-10-02 07:18:50 INFO  TC002_LoginTest:39 - *********Finished TC002_LoginTest************
2024-10-02 07:53:59 DEBUG TestNG:82 - suiteXmlPath: "C:\Users\HP\eclipse-workspace\opencartV121\master.xml"
2024-10-02 07:54:07 INFO  TC001_AccountRegistrationTest:23 - **********Starting TC001_AccountRegistrationTest**********
2024-10-02 07:54:08 INFO  TC001_AccountRegistrationTest:28 - Clicked on myAccount link
2024-10-02 07:54:11 INFO  TC001_AccountRegistrationTest:30 - Clicked on Register link
2024-10-02 07:54:11 INFO  TC001_AccountRegistrationTest:34 - Providing Customer Details
2024-10-02 07:54:12 INFO  TC001_AccountRegistrationTest:45 - validating expected message
2024-10-02 07:54:12 INFO  TC001_AccountRegistrationTest:65 - **********Finished TC001_AccountRegistrationTest**********
2024-10-02 07:54:19 INFO  TC002_LoginTest:16 - *********Starting TC002_LoginTest************
2024-10-02 07:54:19 INFO  TC002_LoginTest:19 - click on MyAccount
2024-10-02 07:54:19 INFO  TC002_LoginTest:21 - click on Login
2024-10-02 07:54:19 INFO  TC002_LoginTest:25 - enter email
2024-10-02 07:54:20 INFO  TC002_LoginTest:27 - enter password
2024-10-02 07:54:20 INFO  TC002_LoginTest:29 - clicked on login
2024-10-02 07:54:21 INFO  TC002_LoginTest:39 - *********Finished TC002_LoginTest************
2024-10-02 07:56:35 DEBUG TestNG:82 - suiteXmlPath: "C:\Users\HP\eclipse-workspace\opencartV121\master.xml"
2024-10-02 07:56:42 INFO  TC001_AccountRegistrationTest:23 - **********Starting TC001_AccountRegistrationTest**********
2024-10-02 07:56:42 INFO  TC001_AccountRegistrationTest:28 - Clicked on myAccount link
2024-10-02 07:56:44 INFO  TC001_AccountRegistrationTest:30 - Clicked on Register link
2024-10-02 07:56:44 INFO  TC001_AccountRegistrationTest:34 - Providing Customer Details
2024-10-02 07:56:45 INFO  TC001_AccountRegistrationTest:45 - validating expected message
2024-10-02 07:56:45 INFO  TC001_AccountRegistrationTest:65 - **********Finished TC001_AccountRegistrationTest**********
2024-10-02 07:56:57 INFO  TC002_LoginTest:16 - *********Starting TC002_LoginTest************
2024-10-02 07:56:57 INFO  TC002_LoginTest:19 - click on MyAccount
2024-10-02 07:56:57 INFO  TC002_LoginTest:21 - click on Login
2024-10-02 07:56:58 INFO  TC002_LoginTest:25 - enter email
2024-10-02 07:56:58 INFO  TC002_LoginTest:27 - enter password
2024-10-02 07:56:58 INFO  TC002_LoginTest:29 - clicked on login
2024-10-02 07:56:59 INFO  TC002_LoginTest:39 - *********Finished TC002_LoginTest************
